<?xml version="1.0" encoding="UTF-8"?>
<!-- Generated by org.testng.reporters.JUnitReportReporter -->
<testsuite skipped="0" hostname="KALAMSIR-PC" name="tests.Test1" tests="1" failures="0" timestamp="2021-02-12T16:27:05 IST" time="0.006" errors="0">
  <testcase name="method" time="0.006" classname="tests.Test1"/>
  <system-out/>
</testsuite> <!-- tests.Test1 -->
